CRITICAL - 2022-05-16 00:40:25 --> Declaration of App\Filters\Noauth::before(CodeIgniter\HTTP\RequestInterface $request) must be compatible with CodeIgniter\Filters\FilterInterface::before(CodeIgniter\HTTP\RequestInterface $request, $arguments = null)
#0 [internal function]: CodeIgniter\Debug\Exceptions->shutdownHandler()
#1 {main}
CRITICAL - 2022-05-16 00:40:27 --> Declaration of App\Filters\Noauth::before(CodeIgniter\HTTP\RequestInterface $request) must be compatible with CodeIgniter\Filters\FilterInterface::before(CodeIgniter\HTTP\RequestInterface $request, $arguments = null)
#0 [internal function]: CodeIgniter\Debug\Exceptions->shutdownHandler()
#1 {main}
CRITICAL - 2022-05-16 00:40:27 --> Declaration of App\Filters\Noauth::before(CodeIgniter\HTTP\RequestInterface $request) must be compatible with CodeIgniter\Filters\FilterInterface::before(CodeIgniter\HTTP\RequestInterface $request, $arguments = null)
#0 [internal function]: CodeIgniter\Debug\Exceptions->shutdownHandler()
#1 {main}
CRITICAL - 2022-05-16 00:40:28 --> Declaration of App\Filters\Noauth::before(CodeIgniter\HTTP\RequestInterface $request) must be compatible with CodeIgniter\Filters\FilterInterface::before(CodeIgniter\HTTP\RequestInterface $request, $arguments = null)
#0 [internal function]: CodeIgniter\Debug\Exceptions->shutdownHandler()
#1 {main}
CRITICAL - 2022-05-16 00:50:39 --> Declaration of App\Filters\Noauth::before(CodeIgniter\HTTP\RequestInterface $request) must be compatible with CodeIgniter\Filters\FilterInterface::before(CodeIgniter\HTTP\RequestInterface $request, $arguments = null)
#0 [internal function]: CodeIgniter\Debug\Exceptions->shutdownHandler()
#1 {main}
CRITICAL - 2022-05-16 00:56:58 --> Declaration of App\Filters\UsersCheck::before(CodeIgniter\HTTP\RequestInterface $request) must be compatible with CodeIgniter\Filters\FilterInterface::before(CodeIgniter\HTTP\RequestInterface $request, $arguments = null)
#0 [internal function]: CodeIgniter\Debug\Exceptions->shutdownHandler()
#1 {main}
CRITICAL - 2022-05-16 00:57:01 --> Declaration of App\Filters\UsersCheck::before(CodeIgniter\HTTP\RequestInterface $request) must be compatible with CodeIgniter\Filters\FilterInterface::before(CodeIgniter\HTTP\RequestInterface $request, $arguments = null)
#0 [internal function]: CodeIgniter\Debug\Exceptions->shutdownHandler()
#1 {main}
CRITICAL - 2022-05-16 00:57:02 --> Declaration of App\Filters\UsersCheck::before(CodeIgniter\HTTP\RequestInterface $request) must be compatible with CodeIgniter\Filters\FilterInterface::before(CodeIgniter\HTTP\RequestInterface $request, $arguments = null)
#0 [internal function]: CodeIgniter\Debug\Exceptions->shutdownHandler()
#1 {main}
CRITICAL - 2022-05-16 00:57:35 --> Declaration of App\Filters\UsersCheck::before(CodeIgniter\HTTP\RequestInterface $request) must be compatible with CodeIgniter\Filters\FilterInterface::before(CodeIgniter\HTTP\RequestInterface $request, $arguments = null)
#0 [internal function]: CodeIgniter\Debug\Exceptions->shutdownHandler()
#1 {main}
CRITICAL - 2022-05-16 00:58:26 --> Invalid file: template/header.php
#0 E:\Chunouti\Softwares_File\xampp\htdocs\ci4\login\system\View\View.php(198): CodeIgniter\Exceptions\FrameworkException::forInvalidFile('template/heade...')
#1 E:\Chunouti\Softwares_File\xampp\htdocs\ci4\login\system\Common.php(1089): CodeIgniter\View\View->render('template/heade...', Array, true)
#2 E:\Chunouti\Softwares_File\xampp\htdocs\ci4\login\app\Controllers\Users.php(42): view('template/heade...', Array)
#3 E:\Chunouti\Softwares_File\xampp\htdocs\ci4\login\system\CodeIgniter.php(832): App\Controllers\Users->index()
#4 E:\Chunouti\Softwares_File\xampp\htdocs\ci4\login\system\CodeIgniter.php(419): CodeIgniter\CodeIgniter->runController(Object(App\Controllers\Users))
#5 E:\Chunouti\Softwares_File\xampp\htdocs\ci4\login\system\CodeIgniter.php(326): CodeIgniter\CodeIgniter->handleRequest(NULL, Object(Config\Cache), false)
#6 E:\Chunouti\Softwares_File\xampp\htdocs\ci4\login\public\index.php(37): CodeIgniter\CodeIgniter->run()
#7 {main}
CRITICAL - 2022-05-16 01:28:24 --> Invalid file: template/header.php
#0 E:\Chunouti\Softwares_File\xampp\htdocs\ci4\login\system\View\View.php(198): CodeIgniter\Exceptions\FrameworkException::forInvalidFile('template/heade...')
#1 E:\Chunouti\Softwares_File\xampp\htdocs\ci4\login\system\Common.php(1089): CodeIgniter\View\View->render('template/heade...', Array, true)
#2 E:\Chunouti\Softwares_File\xampp\htdocs\ci4\login\app\Controllers\Users.php(42): view('template/heade...', Array)
#3 E:\Chunouti\Softwares_File\xampp\htdocs\ci4\login\system\CodeIgniter.php(832): App\Controllers\Users->index()
#4 E:\Chunouti\Softwares_File\xampp\htdocs\ci4\login\system\CodeIgniter.php(419): CodeIgniter\CodeIgniter->runController(Object(App\Controllers\Users))
#5 E:\Chunouti\Softwares_File\xampp\htdocs\ci4\login\system\CodeIgniter.php(326): CodeIgniter\CodeIgniter->handleRequest(NULL, Object(Config\Cache), false)
#6 E:\Chunouti\Softwares_File\xampp\htdocs\ci4\login\public\index.php(37): CodeIgniter\CodeIgniter->run()
#7 {main}
CRITICAL - 2022-05-16 01:29:02 --> Invalid file: template/header.php
#0 E:\Chunouti\Softwares_File\xampp\htdocs\ci4\login\system\View\View.php(198): CodeIgniter\Exceptions\FrameworkException::forInvalidFile('template/heade...')
#1 E:\Chunouti\Softwares_File\xampp\htdocs\ci4\login\system\Common.php(1089): CodeIgniter\View\View->render('template/heade...', Array, true)
#2 E:\Chunouti\Softwares_File\xampp\htdocs\ci4\login\app\Controllers\Users.php(42): view('template/heade...', Array)
#3 E:\Chunouti\Softwares_File\xampp\htdocs\ci4\login\system\CodeIgniter.php(832): App\Controllers\Users->index()
#4 E:\Chunouti\Softwares_File\xampp\htdocs\ci4\login\system\CodeIgniter.php(419): CodeIgniter\CodeIgniter->runController(Object(App\Controllers\Users))
#5 E:\Chunouti\Softwares_File\xampp\htdocs\ci4\login\system\CodeIgniter.php(326): CodeIgniter\CodeIgniter->handleRequest(NULL, Object(Config\Cache), false)
#6 E:\Chunouti\Softwares_File\xampp\htdocs\ci4\login\public\index.php(37): CodeIgniter\CodeIgniter->run()
#7 {main}
CRITICAL - 2022-05-16 01:29:03 --> Invalid file: template/header.php
#0 E:\Chunouti\Softwares_File\xampp\htdocs\ci4\login\system\View\View.php(198): CodeIgniter\Exceptions\FrameworkException::forInvalidFile('template/heade...')
#1 E:\Chunouti\Softwares_File\xampp\htdocs\ci4\login\system\Common.php(1089): CodeIgniter\View\View->render('template/heade...', Array, true)
#2 E:\Chunouti\Softwares_File\xampp\htdocs\ci4\login\app\Controllers\Users.php(42): view('template/heade...', Array)
#3 E:\Chunouti\Softwares_File\xampp\htdocs\ci4\login\system\CodeIgniter.php(832): App\Controllers\Users->index()
#4 E:\Chunouti\Softwares_File\xampp\htdocs\ci4\login\system\CodeIgniter.php(419): CodeIgniter\CodeIgniter->runController(Object(App\Controllers\Users))
#5 E:\Chunouti\Softwares_File\xampp\htdocs\ci4\login\system\CodeIgniter.php(326): CodeIgniter\CodeIgniter->handleRequest(NULL, Object(Config\Cache), false)
#6 E:\Chunouti\Softwares_File\xampp\htdocs\ci4\login\public\index.php(37): CodeIgniter\CodeIgniter->run()
#7 {main}
CRITICAL - 2022-05-16 01:29:03 --> Invalid file: template/header.php
#0 E:\Chunouti\Softwares_File\xampp\htdocs\ci4\login\system\View\View.php(198): CodeIgniter\Exceptions\FrameworkException::forInvalidFile('template/heade...')
#1 E:\Chunouti\Softwares_File\xampp\htdocs\ci4\login\system\Common.php(1089): CodeIgniter\View\View->render('template/heade...', Array, true)
#2 E:\Chunouti\Softwares_File\xampp\htdocs\ci4\login\app\Controllers\Users.php(42): view('template/heade...', Array)
#3 E:\Chunouti\Softwares_File\xampp\htdocs\ci4\login\system\CodeIgniter.php(832): App\Controllers\Users->index()
#4 E:\Chunouti\Softwares_File\xampp\htdocs\ci4\login\system\CodeIgniter.php(419): CodeIgniter\CodeIgniter->runController(Object(App\Controllers\Users))
#5 E:\Chunouti\Softwares_File\xampp\htdocs\ci4\login\system\CodeIgniter.php(326): CodeIgniter\CodeIgniter->handleRequest(NULL, Object(Config\Cache), false)
#6 E:\Chunouti\Softwares_File\xampp\htdocs\ci4\login\public\index.php(37): CodeIgniter\CodeIgniter->run()
#7 {main}
CRITICAL - 2022-05-16 01:29:03 --> Invalid file: template/header.php
#0 E:\Chunouti\Softwares_File\xampp\htdocs\ci4\login\system\View\View.php(198): CodeIgniter\Exceptions\FrameworkException::forInvalidFile('template/heade...')
#1 E:\Chunouti\Softwares_File\xampp\htdocs\ci4\login\system\Common.php(1089): CodeIgniter\View\View->render('template/heade...', Array, true)
#2 E:\Chunouti\Softwares_File\xampp\htdocs\ci4\login\app\Controllers\Users.php(42): view('template/heade...', Array)
#3 E:\Chunouti\Softwares_File\xampp\htdocs\ci4\login\system\CodeIgniter.php(832): App\Controllers\Users->index()
#4 E:\Chunouti\Softwares_File\xampp\htdocs\ci4\login\system\CodeIgniter.php(419): CodeIgniter\CodeIgniter->runController(Object(App\Controllers\Users))
#5 E:\Chunouti\Softwares_File\xampp\htdocs\ci4\login\system\CodeIgniter.php(326): CodeIgniter\CodeIgniter->handleRequest(NULL, Object(Config\Cache), false)
#6 E:\Chunouti\Softwares_File\xampp\htdocs\ci4\login\public\index.php(37): CodeIgniter\CodeIgniter->run()
#7 {main}
CRITICAL - 2022-05-16 01:31:52 --> Invalid file: template/header.php
#0 E:\Chunouti\Softwares_File\xampp\htdocs\ci4\login\system\View\View.php(198): CodeIgniter\Exceptions\FrameworkException::forInvalidFile('template/heade...')
#1 E:\Chunouti\Softwares_File\xampp\htdocs\ci4\login\system\Common.php(1089): CodeIgniter\View\View->render('template/heade...', Array, true)
#2 E:\Chunouti\Softwares_File\xampp\htdocs\ci4\login\app\Controllers\Users.php(42): view('template/heade...', Array)
#3 E:\Chunouti\Softwares_File\xampp\htdocs\ci4\login\system\CodeIgniter.php(832): App\Controllers\Users->index()
#4 E:\Chunouti\Softwares_File\xampp\htdocs\ci4\login\system\CodeIgniter.php(419): CodeIgniter\CodeIgniter->runController(Object(App\Controllers\Users))
#5 E:\Chunouti\Softwares_File\xampp\htdocs\ci4\login\system\CodeIgniter.php(326): CodeIgniter\CodeIgniter->handleRequest(NULL, Object(Config\Cache), false)
#6 E:\Chunouti\Softwares_File\xampp\htdocs\ci4\login\public\index.php(37): CodeIgniter\CodeIgniter->run()
#7 {main}
CRITICAL - 2022-05-16 01:32:00 --> Invalid file: template/header.php
#0 E:\Chunouti\Softwares_File\xampp\htdocs\ci4\login\system\View\View.php(198): CodeIgniter\Exceptions\FrameworkException::forInvalidFile('template/heade...')
#1 E:\Chunouti\Softwares_File\xampp\htdocs\ci4\login\system\Common.php(1089): CodeIgniter\View\View->render('template/heade...', Array, true)
#2 E:\Chunouti\Softwares_File\xampp\htdocs\ci4\login\app\Controllers\Users.php(42): view('template/heade...', Array)
#3 E:\Chunouti\Softwares_File\xampp\htdocs\ci4\login\system\CodeIgniter.php(832): App\Controllers\Users->index()
#4 E:\Chunouti\Softwares_File\xampp\htdocs\ci4\login\system\CodeIgniter.php(419): CodeIgniter\CodeIgniter->runController(Object(App\Controllers\Users))
#5 E:\Chunouti\Softwares_File\xampp\htdocs\ci4\login\system\CodeIgniter.php(326): CodeIgniter\CodeIgniter->handleRequest(NULL, Object(Config\Cache), false)
#6 E:\Chunouti\Softwares_File\xampp\htdocs\ci4\login\public\index.php(37): CodeIgniter\CodeIgniter->run()
#7 {main}
CRITICAL - 2022-05-16 01:43:38 --> Invalid file: template/header.php
#0 E:\Chunouti\Softwares_File\xampp\htdocs\ci4\login\system\View\View.php(198): CodeIgniter\Exceptions\FrameworkException::forInvalidFile('template/heade...')
#1 E:\Chunouti\Softwares_File\xampp\htdocs\ci4\login\system\Common.php(1089): CodeIgniter\View\View->render('template/heade...', Array, true)
#2 E:\Chunouti\Softwares_File\xampp\htdocs\ci4\login\app\Controllers\Users.php(42): view('template/heade...', Array)
#3 E:\Chunouti\Softwares_File\xampp\htdocs\ci4\login\system\CodeIgniter.php(832): App\Controllers\Users->index()
#4 E:\Chunouti\Softwares_File\xampp\htdocs\ci4\login\system\CodeIgniter.php(419): CodeIgniter\CodeIgniter->runController(Object(App\Controllers\Users))
#5 E:\Chunouti\Softwares_File\xampp\htdocs\ci4\login\system\CodeIgniter.php(326): CodeIgniter\CodeIgniter->handleRequest(NULL, Object(Config\Cache), false)
#6 E:\Chunouti\Softwares_File\xampp\htdocs\ci4\login\public\index.php(37): CodeIgniter\CodeIgniter->run()
#7 {main}
CRITICAL - 2022-05-16 01:46:31 --> Invalid file: template/header.php
#0 E:\Chunouti\Softwares_File\xampp\htdocs\ci4\login\system\View\View.php(198): CodeIgniter\Exceptions\FrameworkException::forInvalidFile('template/heade...')
#1 E:\Chunouti\Softwares_File\xampp\htdocs\ci4\login\system\Common.php(1089): CodeIgniter\View\View->render('template/heade...', Array, true)
#2 E:\Chunouti\Softwares_File\xampp\htdocs\ci4\login\app\Controllers\Users.php(94): view('template/heade...', Array)
#3 E:\Chunouti\Softwares_File\xampp\htdocs\ci4\login\system\CodeIgniter.php(832): App\Controllers\Users->register()
#4 E:\Chunouti\Softwares_File\xampp\htdocs\ci4\login\system\CodeIgniter.php(419): CodeIgniter\CodeIgniter->runController(Object(App\Controllers\Users))
#5 E:\Chunouti\Softwares_File\xampp\htdocs\ci4\login\system\CodeIgniter.php(326): CodeIgniter\CodeIgniter->handleRequest(NULL, Object(Config\Cache), false)
#6 E:\Chunouti\Softwares_File\xampp\htdocs\ci4\login\public\index.php(37): CodeIgniter\CodeIgniter->run()
#7 {main}
CRITICAL - 2022-05-16 01:57:15 --> Invalid file: template/header.php
#0 E:\Chunouti\Softwares_File\xampp\htdocs\ci4\login\system\View\View.php(198): CodeIgniter\Exceptions\FrameworkException::forInvalidFile('template/heade...')
#1 E:\Chunouti\Softwares_File\xampp\htdocs\ci4\login\system\Common.php(1089): CodeIgniter\View\View->render('template/heade...', Array, true)
#2 E:\Chunouti\Softwares_File\xampp\htdocs\ci4\login\app\Controllers\Users.php(42): view('template/heade...', Array)
#3 E:\Chunouti\Softwares_File\xampp\htdocs\ci4\login\system\CodeIgniter.php(832): App\Controllers\Users->index()
#4 E:\Chunouti\Softwares_File\xampp\htdocs\ci4\login\system\CodeIgniter.php(419): CodeIgniter\CodeIgniter->runController(Object(App\Controllers\Users))
#5 E:\Chunouti\Softwares_File\xampp\htdocs\ci4\login\system\CodeIgniter.php(326): CodeIgniter\CodeIgniter->handleRequest(NULL, Object(Config\Cache), false)
#6 E:\Chunouti\Softwares_File\xampp\htdocs\ci4\login\public\index.php(37): CodeIgniter\CodeIgniter->run()
#7 {main}
CRITICAL - 2022-05-16 01:58:21 --> Invalid file: template/header.php
#0 E:\Chunouti\Softwares_File\xampp\htdocs\ci4\login\system\View\View.php(198): CodeIgniter\Exceptions\FrameworkException::forInvalidFile('template/heade...')
#1 E:\Chunouti\Softwares_File\xampp\htdocs\ci4\login\system\Common.php(1089): CodeIgniter\View\View->render('template/heade...', Array, true)
#2 E:\Chunouti\Softwares_File\xampp\htdocs\ci4\login\app\Controllers\Users.php(42): view('template/heade...', Array)
#3 E:\Chunouti\Softwares_File\xampp\htdocs\ci4\login\system\CodeIgniter.php(832): App\Controllers\Users->index()
#4 E:\Chunouti\Softwares_File\xampp\htdocs\ci4\login\system\CodeIgniter.php(419): CodeIgniter\CodeIgniter->runController(Object(App\Controllers\Users))
#5 E:\Chunouti\Softwares_File\xampp\htdocs\ci4\login\system\CodeIgniter.php(326): CodeIgniter\CodeIgniter->handleRequest(NULL, Object(Config\Cache), false)
#6 E:\Chunouti\Softwares_File\xampp\htdocs\ci4\login\public\index.php(37): CodeIgniter\CodeIgniter->run()
#7 {main}
CRITICAL - 2022-05-16 02:03:51 --> Invalid file: template/header.php
#0 E:\Chunouti\Softwares_File\xampp\htdocs\ci4\login\system\View\View.php(198): CodeIgniter\Exceptions\FrameworkException::forInvalidFile('template/heade...')
#1 E:\Chunouti\Softwares_File\xampp\htdocs\ci4\login\system\Common.php(1089): CodeIgniter\View\View->render('template/heade...', Array, true)
#2 E:\Chunouti\Softwares_File\xampp\htdocs\ci4\login\app\Controllers\Users.php(42): view('template/heade...', Array)
#3 E:\Chunouti\Softwares_File\xampp\htdocs\ci4\login\system\CodeIgniter.php(832): App\Controllers\Users->index()
#4 E:\Chunouti\Softwares_File\xampp\htdocs\ci4\login\system\CodeIgniter.php(419): CodeIgniter\CodeIgniter->runController(Object(App\Controllers\Users))
#5 E:\Chunouti\Softwares_File\xampp\htdocs\ci4\login\system\CodeIgniter.php(326): CodeIgniter\CodeIgniter->handleRequest(NULL, Object(Config\Cache), false)
#6 E:\Chunouti\Softwares_File\xampp\htdocs\ci4\login\public\index.php(37): CodeIgniter\CodeIgniter->run()
#7 {main}
ERROR - 2022-05-16 02:37:33 --> Error connecting to the database: Access denied for user '****'@'localhost' (using password: YES)
CRITICAL - 2022-05-16 02:37:33 --> Unable to connect to the database.
Main connection [MySQLi]: Access denied for user '****'@'localhost' (using password: YES)
#0 E:\Chunouti\Softwares_File\xampp\htdocs\ci4\login\system\Database\BaseConnection.php(577): CodeIgniter\Database\BaseConnection->initialize()
#1 E:\Chunouti\Softwares_File\xampp\htdocs\ci4\login\system\Database\BaseBuilder.php(1455): CodeIgniter\Database\BaseConnection->query('SELECT 1\nFROM `...', Array, false)
#2 E:\Chunouti\Softwares_File\xampp\htdocs\ci4\login\system\Validation\Rules.php(142): CodeIgniter\Database\BaseBuilder->get()
#3 E:\Chunouti\Softwares_File\xampp\htdocs\ci4\login\system\Validation\Validation.php(292): CodeIgniter\Validation\Rules->is_unique('sa@gag.com', 'email', Array, NULL)
#4 E:\Chunouti\Softwares_File\xampp\htdocs\ci4\login\system\Validation\Validation.php(157): CodeIgniter\Validation\Validation->processRules('email', 'email', 'sa@gag.com', Array, Array)
#5 E:\Chunouti\Softwares_File\xampp\htdocs\ci4\login\system\Controller.php(160): CodeIgniter\Validation\Validation->run()
#6 E:\Chunouti\Softwares_File\xampp\htdocs\ci4\login\app\Controllers\Users.php(75): CodeIgniter\Controller->validate(Array)
#7 E:\Chunouti\Softwares_File\xampp\htdocs\ci4\login\system\CodeIgniter.php(832): App\Controllers\Users->register()
#8 E:\Chunouti\Softwares_File\xampp\htdocs\ci4\login\system\CodeIgniter.php(419): CodeIgniter\CodeIgniter->runController(Object(App\Controllers\Users))
#9 E:\Chunouti\Softwares_File\xampp\htdocs\ci4\login\system\CodeIgniter.php(326): CodeIgniter\CodeIgniter->handleRequest(NULL, Object(Config\Cache), false)
#10 E:\Chunouti\Softwares_File\xampp\htdocs\ci4\login\public\index.php(37): CodeIgniter\CodeIgniter->run()
#11 {main}
CRITICAL - 2022-05-16 02:44:02 --> Declaration of App\Filters\Auth::before(CodeIgniter\HTTP\RequestInterface $request) must be compatible with CodeIgniter\Filters\FilterInterface::before(CodeIgniter\HTTP\RequestInterface $request, $arguments = null)
#0 [internal function]: CodeIgniter\Debug\Exceptions->shutdownHandler()
#1 {main}
CRITICAL - 2022-05-16 03:40:51 --> Declaration of App\Filters\Auth::before(CodeIgniter\HTTP\RequestInterface $request) must be compatible with CodeIgniter\Filters\FilterInterface::before(CodeIgniter\HTTP\RequestInterface $request, $arguments = null)
#0 [internal function]: CodeIgniter\Debug\Exceptions->shutdownHandler()
#1 {main}
CRITICAL - 2022-05-16 03:41:08 --> Declaration of App\Filters\Auth::before(CodeIgniter\HTTP\RequestInterface $request) must be compatible with CodeIgniter\Filters\FilterInterface::before(CodeIgniter\HTTP\RequestInterface $request, $arguments = null)
#0 [internal function]: CodeIgniter\Debug\Exceptions->shutdownHandler()
#1 {main}
CRITICAL - 2022-05-16 03:47:02 --> syntax error, unexpected token "if"
#0 E:\Chunouti\Softwares_File\xampp\htdocs\ci4\login\system\Autoloader\Autoloader.php(241): CodeIgniter\Autoloader\Autoloader->includeFile('E:\\Chunouti\\Sof...')
#1 E:\Chunouti\Softwares_File\xampp\htdocs\ci4\login\system\Autoloader\Autoloader.php(219): CodeIgniter\Autoloader\Autoloader->loadInNamespace('App\\Filters\\Aut...')
#2 E:\Chunouti\Softwares_File\xampp\htdocs\ci4\login\system\Filters\Filters.php(166): CodeIgniter\Autoloader\Autoloader->loadClass('App\\Filters\\Aut...')
#3 E:\Chunouti\Softwares_File\xampp\htdocs\ci4\login\system\CodeIgniter.php(393): CodeIgniter\Filters\Filters->run('profile', 'before')
#4 E:\Chunouti\Softwares_File\xampp\htdocs\ci4\login\system\CodeIgniter.php(326): CodeIgniter\CodeIgniter->handleRequest(NULL, Object(Config\Cache), false)
#5 E:\Chunouti\Softwares_File\xampp\htdocs\ci4\login\public\index.php(37): CodeIgniter\CodeIgniter->run()
#6 {main}
CRITICAL - 2022-05-16 03:47:12 --> Declaration of App\Filters\Auth::before(CodeIgniter\HTTP\RequestInterface $request) must be compatible with CodeIgniter\Filters\FilterInterface::before(CodeIgniter\HTTP\RequestInterface $request, $arguments = null)
#0 [internal function]: CodeIgniter\Debug\Exceptions->shutdownHandler()
#1 {main}
CRITICAL - 2022-05-16 03:47:34 --> Declaration of App\Filters\Auth::before(CodeIgniter\HTTP\RequestInterface $request) must be compatible with CodeIgniter\Filters\FilterInterface::before(CodeIgniter\HTTP\RequestInterface $request, $arguments = null)
#0 [internal function]: CodeIgniter\Debug\Exceptions->shutdownHandler()
#1 {main}
CRITICAL - 2022-05-16 03:47:49 --> Declaration of App\Filters\Auth::before(CodeIgniter\HTTP\RequestInterface $request) must be compatible with CodeIgniter\Filters\FilterInterface::before(CodeIgniter\HTTP\RequestInterface $request, $arguments = null)
#0 [internal function]: CodeIgniter\Debug\Exceptions->shutdownHandler()
#1 {main}
CRITICAL - 2022-05-16 03:51:20 --> Declaration of App\Filters\Auth::before(CodeIgniter\HTTP\RequestInterface $request) must be compatible with CodeIgniter\Filters\FilterInterface::before(CodeIgniter\HTTP\RequestInterface $request, $arguments = null)
#0 [internal function]: CodeIgniter\Debug\Exceptions->shutdownHandler()
#1 {main}
CRITICAL - 2022-05-16 03:52:11 --> Unsupported operand types: string + array
#0 E:\Chunouti\Softwares_File\xampp\htdocs\ci4\login\app\Controllers\Users.php(35): App\Controllers\Users->setUserSession(Array)
#1 E:\Chunouti\Softwares_File\xampp\htdocs\ci4\login\system\CodeIgniter.php(832): App\Controllers\Users->index()
#2 E:\Chunouti\Softwares_File\xampp\htdocs\ci4\login\system\CodeIgniter.php(419): CodeIgniter\CodeIgniter->runController(Object(App\Controllers\Users))
#3 E:\Chunouti\Softwares_File\xampp\htdocs\ci4\login\system\CodeIgniter.php(326): CodeIgniter\CodeIgniter->handleRequest(NULL, Object(Config\Cache), false)
#4 E:\Chunouti\Softwares_File\xampp\htdocs\ci4\login\public\index.php(37): CodeIgniter\CodeIgniter->run()
#5 {main}
CRITICAL - 2022-05-16 03:53:09 --> Array to string conversion
#0 E:\Chunouti\Softwares_File\xampp\htdocs\ci4\login\app\Controllers\Users.php(48): CodeIgniter\Debug\Exceptions->errorHandler(2, 'Array to string...', 'E:\\Chunouti\\Sof...', 48)
#1 E:\Chunouti\Softwares_File\xampp\htdocs\ci4\login\app\Controllers\Users.php(35): App\Controllers\Users->setUserSession(Array)
#2 E:\Chunouti\Softwares_File\xampp\htdocs\ci4\login\system\CodeIgniter.php(832): App\Controllers\Users->index()
#3 E:\Chunouti\Softwares_File\xampp\htdocs\ci4\login\system\CodeIgniter.php(419): CodeIgniter\CodeIgniter->runController(Object(App\Controllers\Users))
#4 E:\Chunouti\Softwares_File\xampp\htdocs\ci4\login\system\CodeIgniter.php(326): CodeIgniter\CodeIgniter->handleRequest(NULL, Object(Config\Cache), false)
#5 E:\Chunouti\Softwares_File\xampp\htdocs\ci4\login\public\index.php(37): CodeIgniter\CodeIgniter->run()
#6 {main}
CRITICAL - 2022-05-16 03:57:32 --> Declaration of App\Filters\Auth::before(CodeIgniter\HTTP\RequestInterface $request) must be compatible with CodeIgniter\Filters\FilterInterface::before(CodeIgniter\HTTP\RequestInterface $request, $arguments = null)
#0 [internal function]: CodeIgniter\Debug\Exceptions->shutdownHandler()
#1 {main}
CRITICAL - 2022-05-16 04:37:06 --> syntax error, unexpected token ";", expecting "]"
#0 E:\Chunouti\Softwares_File\xampp\htdocs\ci4\login\system\Autoloader\Autoloader.php(241): CodeIgniter\Autoloader\Autoloader->includeFile('E:\\Chunouti\\Sof...')
#1 E:\Chunouti\Softwares_File\xampp\htdocs\ci4\login\system\Autoloader\Autoloader.php(219): CodeIgniter\Autoloader\Autoloader->loadInNamespace('App\\Controllers...')
#2 [internal function]: CodeIgniter\Autoloader\Autoloader->loadClass('App\\Controllers...')
#3 E:\Chunouti\Softwares_File\xampp\htdocs\ci4\login\system\CodeIgniter.php(797): class_exists('\\App\\Controller...', true)
#4 E:\Chunouti\Softwares_File\xampp\htdocs\ci4\login\system\CodeIgniter.php(406): CodeIgniter\CodeIgniter->startController()
#5 E:\Chunouti\Softwares_File\xampp\htdocs\ci4\login\system\CodeIgniter.php(326): CodeIgniter\CodeIgniter->handleRequest(NULL, Object(Config\Cache), false)
#6 E:\Chunouti\Softwares_File\xampp\htdocs\ci4\login\public\index.php(37): CodeIgniter\CodeIgniter->run()
#7 {main}
CRITICAL - 2022-05-16 04:37:38 --> There is no data to insert.
#0 E:\Chunouti\Softwares_File\xampp\htdocs\ci4\login\system\BaseModel.php(718): CodeIgniter\Database\Exceptions\DataException::forEmptyDataset('insert')
#1 E:\Chunouti\Softwares_File\xampp\htdocs\ci4\login\system\Model.php(625): CodeIgniter\BaseModel->insert(Array, false)
#2 E:\Chunouti\Softwares_File\xampp\htdocs\ci4\login\system\BaseModel.php(658): CodeIgniter\Model->insert(Array, false)
#3 E:\Chunouti\Softwares_File\xampp\htdocs\ci4\login\app\Controllers\Users.php(39): CodeIgniter\BaseModel->save(Array)
#4 E:\Chunouti\Softwares_File\xampp\htdocs\ci4\login\system\CodeIgniter.php(832): App\Controllers\Users->index()
#5 E:\Chunouti\Softwares_File\xampp\htdocs\ci4\login\system\CodeIgniter.php(419): CodeIgniter\CodeIgniter->runController(Object(App\Controllers\Users))
#6 E:\Chunouti\Softwares_File\xampp\htdocs\ci4\login\system\CodeIgniter.php(326): CodeIgniter\CodeIgniter->handleRequest(NULL, Object(Config\Cache), false)
#7 E:\Chunouti\Softwares_File\xampp\htdocs\ci4\login\public\index.php(37): CodeIgniter\CodeIgniter->run()
#8 {main}
CRITICAL - 2022-05-16 04:42:11 --> There is no data to insert.
#0 E:\Chunouti\Softwares_File\xampp\htdocs\ci4\login\system\BaseModel.php(718): CodeIgniter\Database\Exceptions\DataException::forEmptyDataset('insert')
#1 E:\Chunouti\Softwares_File\xampp\htdocs\ci4\login\system\Model.php(625): CodeIgniter\BaseModel->insert(Array, false)
#2 E:\Chunouti\Softwares_File\xampp\htdocs\ci4\login\system\BaseModel.php(658): CodeIgniter\Model->insert(Array, false)
#3 E:\Chunouti\Softwares_File\xampp\htdocs\ci4\login\app\Controllers\Users.php(39): CodeIgniter\BaseModel->save(Array)
#4 E:\Chunouti\Softwares_File\xampp\htdocs\ci4\login\system\CodeIgniter.php(832): App\Controllers\Users->index()
#5 E:\Chunouti\Softwares_File\xampp\htdocs\ci4\login\system\CodeIgniter.php(419): CodeIgniter\CodeIgniter->runController(Object(App\Controllers\Users))
#6 E:\Chunouti\Softwares_File\xampp\htdocs\ci4\login\system\CodeIgniter.php(326): CodeIgniter\CodeIgniter->handleRequest(NULL, Object(Config\Cache), false)
#7 E:\Chunouti\Softwares_File\xampp\htdocs\ci4\login\public\index.php(37): CodeIgniter\CodeIgniter->run()
#8 {main}
CRITICAL - 2022-05-16 04:42:40 --> There is no data to insert.
#0 E:\Chunouti\Softwares_File\xampp\htdocs\ci4\login\system\BaseModel.php(718): CodeIgniter\Database\Exceptions\DataException::forEmptyDataset('insert')
#1 E:\Chunouti\Softwares_File\xampp\htdocs\ci4\login\system\Model.php(625): CodeIgniter\BaseModel->insert(Array, false)
#2 E:\Chunouti\Softwares_File\xampp\htdocs\ci4\login\system\BaseModel.php(658): CodeIgniter\Model->insert(Array, false)
#3 E:\Chunouti\Softwares_File\xampp\htdocs\ci4\login\app\Controllers\Users.php(39): CodeIgniter\BaseModel->save(Array)
#4 E:\Chunouti\Softwares_File\xampp\htdocs\ci4\login\system\CodeIgniter.php(832): App\Controllers\Users->index()
#5 E:\Chunouti\Softwares_File\xampp\htdocs\ci4\login\system\CodeIgniter.php(419): CodeIgniter\CodeIgniter->runController(Object(App\Controllers\Users))
#6 E:\Chunouti\Softwares_File\xampp\htdocs\ci4\login\system\CodeIgniter.php(326): CodeIgniter\CodeIgniter->handleRequest(NULL, Object(Config\Cache), false)
#7 E:\Chunouti\Softwares_File\xampp\htdocs\ci4\login\public\index.php(37): CodeIgniter\CodeIgniter->run()
#8 {main}
